\BOOKMARK [0][-]{chapter.1}{\376\377\000I\000n\000t\000r\000o\000d\000u\000c\000c\000i\000\363\000n}{}% 1
\BOOKMARK [1][-]{section.1.1}{\376\377\000D\000e\000s\000c\000r\000i\000p\000c\000i\000\363\000n\000\040\000G\000e\000n\000e\000r\000a\000l}{chapter.1}% 2
\BOOKMARK [1][-]{section.1.2}{\376\377\000C\000a\000r\000a\000c\000t\000e\000r\000\355\000s\000t\000i\000c\000a\000s\000\040\000P\000r\000i\000n\000c\000i\000p\000a\000l\000e\000s}{chapter.1}% 3
\BOOKMARK [0][-]{chapter.2}{\376\377\000I\000n\000s\000t\000a\000l\000a\000c\000i\000\363\000n\000\040\000y\000\040\000C\000o\000n\000f\000i\000g\000u\000r\000a\000c\000i\000\363\000n}{}% 4
\BOOKMARK [1][-]{section.2.1}{\376\377\000R\000e\000q\000u\000i\000s\000i\000t\000o\000s\000\040\000P\000r\000e\000v\000i\000o\000s}{chapter.2}% 5
\BOOKMARK [1][-]{section.2.2}{\376\377\000I\000n\000s\000t\000a\000l\000a\000c\000i\000\363\000n\000\040\000d\000e\000\040\000D\000e\000p\000e\000n\000d\000e\000n\000c\000i\000a\000s}{chapter.2}% 6
\BOOKMARK [1][-]{section.2.3}{\376\377\000C\000o\000n\000f\000i\000g\000u\000r\000a\000c\000i\000\363\000n\000\040\000d\000e\000\040\000l\000a\000\040\000B\000a\000s\000e\000\040\000d\000e\000\040\000D\000a\000t\000o\000s}{chapter.2}% 7
\BOOKMARK [1][-]{section.2.4}{\376\377\000E\000j\000e\000c\000u\000c\000i\000\363\000n\000\040\000d\000e\000\040\000l\000a\000\040\000A\000P\000I}{chapter.2}% 8
\BOOKMARK [0][-]{chapter.3}{\376\377\000A\000r\000q\000u\000i\000t\000e\000c\000t\000u\000r\000a\000\040\000d\000e\000\040\000l\000a\000\040\000A\000p\000l\000i\000c\000a\000c\000i\000\363\000n}{}% 9
\BOOKMARK [1][-]{section.3.1}{\376\377\000E\000s\000t\000r\000u\000c\000t\000u\000r\000a\000\040\000d\000e\000l\000\040\000P\000r\000o\000y\000e\000c\000t\000o}{chapter.3}% 10
\BOOKMARK [1][-]{section.3.2}{\376\377\000F\000l\000u\000j\000o\000\040\000d\000e\000\040\000D\000a\000t\000o\000s}{chapter.3}% 11
\BOOKMARK [0][-]{chapter.4}{\376\377\000M\000o\000d\000e\000l\000o\000s\000\040\000d\000e\000\040\000D\000a\000t\000o\000s}{}% 12
\BOOKMARK [1][-]{section.4.1}{\376\377\000M\000o\000d\000e\000l\000o\000s\000\040\000S\000Q\000L\000A\000l\000c\000h\000e\000m\000y}{chapter.4}% 13
\BOOKMARK [2][-]{subsection.4.1.1}{\376\377\000D\000e\000v\000i\000c\000e\000s\000I\000n\000f\000o\000D\000B}{section.4.1}% 14
\BOOKMARK [2][-]{subsection.4.1.2}{\376\377\000D\000e\000v\000i\000c\000e\000s\000R\000e\000c\000o\000r\000d\000s\000D\000B}{section.4.1}% 15
\BOOKMARK [2][-]{subsection.4.1.3}{\376\377\000T\000o\000m\000a\000D\000e\000c\000i\000s\000i\000o\000n\000e\000s\000D\000B}{section.4.1}% 16
\BOOKMARK [2][-]{subsection.4.1.4}{\376\377\000L\000u\000c\000e\000s\000D\000B}{section.4.1}% 17
\BOOKMARK [2][-]{subsection.4.1.5}{\376\377\000C\000o\000n\000t\000r\000o\000l\000a\000d\000o\000r\000V\000o\000l\000t\000a\000j\000e\000D\000B}{section.4.1}% 18
\BOOKMARK [1][-]{section.4.2}{\376\377\000M\000o\000d\000e\000l\000o\000s\000\040\000P\000y\000d\000a\000n\000t\000i\000c}{chapter.4}% 19
\BOOKMARK [2][-]{subsection.4.2.1}{\376\377\000D\000e\000v\000i\000c\000e\000s\000I\000n\000f\000o\000\040\000y\000\040\000D\000e\000v\000i\000c\000e\000s\000I\000n\000f\000o\000R\000e\000s\000p\000o\000n\000s\000e}{section.4.2}% 20
\BOOKMARK [2][-]{subsection.4.2.2}{\376\377\000D\000e\000v\000i\000c\000e\000s\000R\000e\000c\000o\000r\000d\000s\000\040\000y\000\040\000D\000e\000v\000i\000c\000e\000s\000R\000e\000c\000o\000r\000d\000s\000R\000e\000s\000p\000o\000n\000s\000e}{section.4.2}% 21
\BOOKMARK [2][-]{subsection.4.2.3}{\376\377\000T\000o\000m\000a\000D\000e\000c\000i\000s\000i\000o\000n\000e\000s\000\040\000y\000\040\000T\000o\000m\000a\000D\000e\000c\000i\000s\000i\000o\000n\000e\000s\000R\000e\000s\000p\000o\000n\000s\000e}{section.4.2}% 22
\BOOKMARK [2][-]{subsection.4.2.4}{\376\377\000L\000u\000c\000e\000s\000\040\000y\000\040\000L\000u\000c\000e\000s\000R\000e\000s\000p\000o\000n\000s\000e}{section.4.2}% 23
\BOOKMARK [2][-]{subsection.4.2.5}{\376\377\000C\000o\000n\000t\000r\000o\000l\000a\000d\000o\000r\000V\000o\000l\000t\000a\000j\000e\000\040\000y\000\040\000C\000o\000n\000t\000r\000o\000l\000a\000d\000o\000r\000V\000o\000l\000t\000a\000j\000e\000R\000e\000s\000p\000o\000n\000s\000e}{section.4.2}% 24
\BOOKMARK [0][-]{chapter.5}{\376\377\000E\000n\000d\000p\000o\000i\000n\000t\000s\000\040\000d\000e\000\040\000l\000a\000\040\000A\000P\000I}{}% 25
\BOOKMARK [1][-]{section.5.1}{\376\377\000E\000n\000d\000p\000o\000i\000n\000t\000\040\000R\000a\000\355\000z}{chapter.5}% 26
\BOOKMARK [1][-]{section.5.2}{\376\377\000E\000n\000d\000p\000o\000i\000n\000t\000s\000\040\000d\000e\000\040\000T\000e\000s\000t}{chapter.5}% 27
\BOOKMARK [2][-]{subsection.5.2.1}{\376\377\000G\000E\000T\000\040\000/\000t\000e\000s\000t\000s\000/}{section.5.2}% 28
\BOOKMARK [2][-]{subsection.5.2.2}{\376\377\000G\000E\000T\000\040\000/\000t\000e\000s\000t\000s\000/\000\173\000t\000e\000s\000t\000\137\000i\000d\000\175}{section.5.2}% 29
\BOOKMARK [2][-]{subsection.5.2.3}{\376\377\000P\000O\000S\000T\000\040\000/\000t\000e\000s\000t\000s\000/\000?\000t\000i\000t\000l\000e\000=\000\173\000t\000i\000t\000l\000e\000\175}{section.5.2}% 30
\BOOKMARK [2][-]{subsection.5.2.4}{\376\377\000D\000E\000L\000E\000T\000E\000\040\000/\000t\000e\000s\000t\000s\000/\000\173\000t\000e\000s\000t\000\137\000i\000d\000\175}{section.5.2}% 31
\BOOKMARK [1][-]{section.5.3}{\376\377\000E\000n\000d\000p\000o\000i\000n\000t\000s\000\040\000d\000e\000\040\000D\000e\000v\000i\000c\000e\000s\000I\000n\000f\000o}{chapter.5}% 32
\BOOKMARK [2][-]{subsection.5.3.1}{\376\377\000G\000E\000T\000\040\000/\000d\000e\000v\000i\000c\000e\000s\000/\000i\000n\000f\000o\000/}{section.5.3}% 33
\BOOKMARK [2][-]{subsection.5.3.2}{\376\377\000G\000E\000T\000\040\000/\000d\000e\000v\000i\000c\000e\000s\000/\000i\000n\000f\000o\000/\000\173\000i\000d\000\137\000d\000e\000v\000i\000c\000e\000\175}{section.5.3}% 34
\BOOKMARK [2][-]{subsection.5.3.3}{\376\377\000P\000O\000S\000T\000\040\000/\000d\000e\000v\000i\000c\000e\000s\000/\000i\000n\000f\000o\000/}{section.5.3}% 35
\BOOKMARK [2][-]{subsection.5.3.4}{\376\377\000P\000U\000T\000\040\000/\000d\000e\000v\000i\000c\000e\000s\000/\000i\000n\000f\000o\000/\000\173\000i\000d\000\137\000d\000e\000v\000i\000c\000e\000\175}{section.5.3}% 36
\BOOKMARK [2][-]{subsection.5.3.5}{\376\377\000D\000E\000L\000E\000T\000E\000\040\000/\000d\000e\000v\000i\000c\000e\000s\000/\000i\000n\000f\000o\000/\000\173\000i\000d\000\137\000d\000e\000v\000i\000c\000e\000\175}{section.5.3}% 37
\BOOKMARK [1][-]{section.5.4}{\376\377\000E\000n\000d\000p\000o\000i\000n\000t\000s\000\040\000d\000e\000\040\000D\000e\000v\000i\000c\000e\000s\000R\000e\000c\000o\000r\000d\000s}{chapter.5}% 38
\BOOKMARK [2][-]{subsection.5.4.1}{\376\377\000G\000E\000T\000\040\000/\000d\000e\000v\000i\000c\000e\000s\000/\000r\000e\000c\000o\000r\000d\000s\000/}{section.5.4}% 39
\BOOKMARK [2][-]{subsection.5.4.2}{\376\377\000G\000E\000T\000\040\000/\000d\000e\000v\000i\000c\000e\000s\000/\000r\000e\000c\000o\000r\000d\000s\000/\000\173\000i\000d\000\137\000r\000e\000c\000o\000r\000d\000\175}{section.5.4}% 40
\BOOKMARK [2][-]{subsection.5.4.3}{\376\377\000G\000E\000T\000\040\000/\000d\000e\000v\000i\000c\000e\000s\000/\000r\000e\000c\000o\000r\000d\000s\000/\000d\000e\000v\000i\000c\000e\000/\000\173\000i\000d\000\137\000d\000e\000v\000i\000c\000e\000\175}{section.5.4}% 41
\BOOKMARK [2][-]{subsection.5.4.4}{\376\377\000P\000O\000S\000T\000\040\000/\000d\000e\000v\000i\000c\000e\000s\000/\000r\000e\000c\000o\000r\000d\000s\000/}{section.5.4}% 42
\BOOKMARK [2][-]{subsection.5.4.5}{\376\377\000P\000U\000T\000\040\000/\000d\000e\000v\000i\000c\000e\000s\000/\000r\000e\000c\000o\000r\000d\000s\000/\000\173\000i\000d\000\137\000r\000e\000c\000o\000r\000d\000\175}{section.5.4}% 43
\BOOKMARK [2][-]{subsection.5.4.6}{\376\377\000D\000E\000L\000E\000T\000E\000\040\000/\000d\000e\000v\000i\000c\000e\000s\000/\000r\000e\000c\000o\000r\000d\000s\000/\000\173\000i\000d\000\137\000r\000e\000c\000o\000r\000d\000\175}{section.5.4}% 44
\BOOKMARK [1][-]{section.5.5}{\376\377\000E\000n\000d\000p\000o\000i\000n\000t\000s\000\040\000d\000e\000\040\000T\000o\000m\000a\000D\000e\000c\000i\000s\000i\000o\000n\000e\000s}{chapter.5}% 45
\BOOKMARK [2][-]{subsection.5.5.1}{\376\377\000G\000E\000T\000\040\000/\000d\000e\000c\000i\000s\000i\000o\000n\000e\000s\000/}{section.5.5}% 46
\BOOKMARK [2][-]{subsection.5.5.2}{\376\377\000G\000E\000T\000\040\000/\000d\000e\000c\000i\000s\000i\000o\000n\000e\000s\000/\000\173\000i\000d\000\137\000d\000e\000c\000i\000s\000i\000o\000n\000\175}{section.5.5}% 47
\BOOKMARK [2][-]{subsection.5.5.3}{\376\377\000P\000O\000S\000T\000\040\000/\000d\000e\000c\000i\000s\000i\000o\000n\000e\000s\000/}{section.5.5}% 48
\BOOKMARK [2][-]{subsection.5.5.4}{\376\377\000P\000U\000T\000\040\000/\000d\000e\000c\000i\000s\000i\000o\000n\000e\000s\000/\000\173\000i\000d\000\137\000d\000e\000c\000i\000s\000i\000o\000n\000\175}{section.5.5}% 49
\BOOKMARK [2][-]{subsection.5.5.5}{\376\377\000D\000E\000L\000E\000T\000E\000\040\000/\000d\000e\000c\000i\000s\000i\000o\000n\000e\000s\000/\000\173\000i\000d\000\137\000d\000e\000c\000i\000s\000i\000o\000n\000\175}{section.5.5}% 50
\BOOKMARK [1][-]{section.5.6}{\376\377\000E\000n\000d\000p\000o\000i\000n\000t\000s\000\040\000d\000e\000\040\000L\000u\000c\000e\000s}{chapter.5}% 51
\BOOKMARK [2][-]{subsection.5.6.1}{\376\377\000G\000E\000T\000\040\000/\000l\000u\000c\000e\000s\000/}{section.5.6}% 52
\BOOKMARK [2][-]{subsection.5.6.2}{\376\377\000G\000E\000T\000\040\000/\000l\000u\000c\000e\000s\000/\000\173\000i\000d\000\137\000d\000e\000v\000i\000c\000e\000\175}{section.5.6}% 53
\BOOKMARK [2][-]{subsection.5.6.3}{\376\377\000P\000O\000S\000T\000\040\000/\000l\000u\000c\000e\000s\000/}{section.5.6}% 54
\BOOKMARK [2][-]{subsection.5.6.4}{\376\377\000P\000U\000T\000\040\000/\000l\000u\000c\000e\000s\000/\000\173\000i\000d\000\137\000d\000e\000v\000i\000c\000e\000\175}{section.5.6}% 55
\BOOKMARK [2][-]{subsection.5.6.5}{\376\377\000D\000E\000L\000E\000T\000E\000\040\000/\000l\000u\000c\000e\000s\000/\000\173\000i\000d\000\137\000d\000e\000v\000i\000c\000e\000\175}{section.5.6}% 56
\BOOKMARK [1][-]{section.5.7}{\376\377\000E\000n\000d\000p\000o\000i\000n\000t\000s\000\040\000d\000e\000\040\000C\000o\000n\000t\000r\000o\000l\000a\000d\000o\000r\000V\000o\000l\000t\000a\000j\000e}{chapter.5}% 57
\BOOKMARK [2][-]{subsection.5.7.1}{\376\377\000G\000E\000T\000\040\000/\000c\000o\000n\000t\000r\000o\000l\000a\000d\000o\000r\000e\000s\000/}{section.5.7}% 58
\BOOKMARK [2][-]{subsection.5.7.2}{\376\377\000G\000E\000T\000\040\000/\000c\000o\000n\000t\000r\000o\000l\000a\000d\000o\000r\000e\000s\000/\000\173\000i\000d\000\137\000d\000e\000v\000i\000c\000e\000\175}{section.5.7}% 59
\BOOKMARK [2][-]{subsection.5.7.3}{\376\377\000P\000O\000S\000T\000\040\000/\000c\000o\000n\000t\000r\000o\000l\000a\000d\000o\000r\000e\000s\000/}{section.5.7}% 60
\BOOKMARK [2][-]{subsection.5.7.4}{\376\377\000P\000U\000T\000\040\000/\000c\000o\000n\000t\000r\000o\000l\000a\000d\000o\000r\000e\000s\000/\000\173\000i\000d\000\137\000d\000e\000v\000i\000c\000e\000\175}{section.5.7}% 61
\BOOKMARK [2][-]{subsection.5.7.5}{\376\377\000D\000E\000L\000E\000T\000E\000\040\000/\000c\000o\000n\000t\000r\000o\000l\000a\000d\000o\000r\000e\000s\000/\000\173\000i\000d\000\137\000d\000e\000v\000i\000c\000e\000\175}{section.5.7}% 62
\BOOKMARK [0][-]{chapter.6}{\376\377\000E\000j\000e\000m\000p\000l\000o\000s\000\040\000d\000e\000\040\000U\000s\000o}{}% 63
\BOOKMARK [1][-]{section.6.1}{\376\377\000E\000j\000e\000m\000p\000l\000o\000s\000\040\000d\000e\000\040\000S\000o\000l\000i\000c\000i\000t\000u\000d\000e\000s\000\040\000H\000T\000T\000P}{chapter.6}% 64
\BOOKMARK [2][-]{subsection.6.1.1}{\376\377\000O\000b\000t\000e\000n\000e\000r\000\040\000I\000n\000f\000o\000r\000m\000a\000c\000i\000\363\000n\000\040\000d\000e\000\040\000T\000o\000d\000o\000s\000\040\000l\000o\000s\000\040\000D\000i\000s\000p\000o\000s\000i\000t\000i\000v\000o\000s}{section.6.1}% 65
\BOOKMARK [2][-]{subsection.6.1.2}{\376\377\000C\000r\000e\000a\000r\000\040\000I\000n\000f\000o\000r\000m\000a\000c\000i\000\363\000n\000\040\000d\000e\000\040\000u\000n\000\040\000N\000u\000e\000v\000o\000\040\000D\000i\000s\000p\000o\000s\000i\000t\000i\000v\000o}{section.6.1}% 66
\BOOKMARK [2][-]{subsection.6.1.3}{\376\377\000A\000c\000t\000u\000a\000l\000i\000z\000a\000r\000\040\000I\000n\000f\000o\000r\000m\000a\000c\000i\000\363\000n\000\040\000d\000e\000\040\000u\000n\000\040\000D\000i\000s\000p\000o\000s\000i\000t\000i\000v\000o}{section.6.1}% 67
\BOOKMARK [2][-]{subsection.6.1.4}{\376\377\000C\000r\000e\000a\000r\000\040\000u\000n\000\040\000N\000u\000e\000v\000o\000\040\000R\000e\000g\000i\000s\000t\000r\000o\000\040\000d\000e\000\040\000D\000i\000s\000p\000o\000s\000i\000t\000i\000v\000o}{section.6.1}% 68
\BOOKMARK [2][-]{subsection.6.1.5}{\376\377\000C\000r\000e\000a\000r\000\040\000u\000n\000a\000\040\000N\000u\000e\000v\000a\000\040\000L\000u\000z}{section.6.1}% 69
\BOOKMARK [2][-]{subsection.6.1.6}{\376\377\000C\000r\000e\000a\000r\000\040\000u\000n\000\040\000N\000u\000e\000v\000o\000\040\000C\000o\000n\000t\000r\000o\000l\000a\000d\000o\000r\000\040\000d\000e\000\040\000V\000o\000l\000t\000a\000j\000e}{section.6.1}% 70
\BOOKMARK [0][-]{chapter.7}{\376\377\000D\000o\000c\000u\000m\000e\000n\000t\000a\000c\000i\000\363\000n\000\040\000I\000n\000t\000e\000r\000a\000c\000t\000i\000v\000a}{}% 71
\BOOKMARK [0][-]{chapter.8}{\376\377\000B\000u\000e\000n\000a\000s\000\040\000P\000r\000\341\000c\000t\000i\000c\000a\000s\000\040\000y\000\040\000R\000e\000c\000o\000m\000e\000n\000d\000a\000c\000i\000o\000n\000e\000s}{}% 72
\BOOKMARK [1][-]{section.8.1}{\376\377\000M\000a\000n\000e\000j\000o\000\040\000d\000e\000\040\000E\000r\000r\000o\000r\000e\000s}{chapter.8}% 73
\BOOKMARK [1][-]{section.8.2}{\376\377\000S\000e\000g\000u\000r\000i\000d\000a\000d}{chapter.8}% 74
\BOOKMARK [1][-]{section.8.3}{\376\377\000E\000s\000c\000a\000l\000a\000b\000i\000l\000i\000d\000a\000d}{chapter.8}% 75
\BOOKMARK [0][-]{chapter.9}{\376\377\000C\000o\000n\000c\000l\000u\000s\000i\000o\000n\000e\000s}{}% 76
